<?xml version="1.0" encoding="UTF-8"?>
<!-- Generated by org.testng.reporters.JUnitReportReporter -->
<testsuite skipped="0" hostname="DESKTOP-1C5N846" name="JenkinsTest" tests="1" failures="0" timestamp="2021-05-29T20:53:39 IST" time="8.046" errors="0">
  <testcase name="test" time="8.046" classname="JenkinsTest"/>
  <system-out/>
</testsuite> <!-- JenkinsTest -->
